{"level":"info","message":"✅ MongoDB Connected: localhost","timestamp":"2026-03-23 19:44:45"}
{"code":"ECONNREFUSED","level":"error","message":"Redis Client Error:","stack":"AggregateError [ECONNREFUSED]: \n    at internalConnectMultiple (node:net:1134:18)\n    at afterConnectMultiple (node:net:1715:7)","timestamp":"2026-03-23 19:44:45"}
{"code":"ECONNREFUSED","level":"error","message":"Redis Client Error:","stack":"AggregateError [ECONNREFUSED]: \n    at internalConnectMultiple (node:net:1134:18)\n    at afterConnectMultiple (node:net:1715:7)","timestamp":"2026-03-23 19:44:45"}
{"code":"ECONNREFUSED","level":"error","message":"Redis Client Error:","stack":"AggregateError [ECONNREFUSED]: \n    at internalConnectMultiple (node:net:1134:18)\n    at afterConnectMultiple (node:net:1715:7)","timestamp":"2026-03-23 19:44:45"}
{"code":"ECONNREFUSED","level":"error","message":"Redis Client Error:","stack":"AggregateError [ECONNREFUSED]: \n    at internalConnectMultiple (node:net:1134:18)\n    at afterConnectMultiple (node:net:1715:7)","timestamp":"2026-03-23 19:44:45"}
{"code":"ECONNREFUSED","level":"error","message":"Redis Client Error:","stack":"AggregateError [ECONNREFUSED]: \n    at internalConnectMultiple (node:net:1134:18)\n    at afterConnectMultiple (node:net:1715:7)","timestamp":"2026-03-23 19:44:46"}
{"code":"ECONNREFUSED","level":"error","message":"Redis Client Error:","stack":"AggregateError [ECONNREFUSED]: \n    at internalConnectMultiple (node:net:1134:18)\n    at afterConnectMultiple (node:net:1715:7)","timestamp":"2026-03-23 19:44:46"}
{"code":"ECONNREFUSED","level":"error","message":"Redis Client Error:","stack":"AggregateError [ECONNREFUSED]: \n    at internalConnectMultiple (node:net:1134:18)\n    at afterConnectMultiple (node:net:1715:7)","timestamp":"2026-03-23 19:44:46"}
{"code":"ECONNREFUSED","level":"error","message":"Redis Client Error:","stack":"AggregateError [ECONNREFUSED]: \n    at internalConnectMultiple (node:net:1134:18)\n    at afterConnectMultiple (node:net:1715:7)","timestamp":"2026-03-23 19:44:46"}
{"code":"ECONNREFUSED","level":"error","message":"Redis Client Error:","stack":"AggregateError [ECONNREFUSED]: \n    at internalConnectMultiple (node:net:1134:18)\n    at afterConnectMultiple (node:net:1715:7)","timestamp":"2026-03-23 19:44:47"}
{"code":"ECONNREFUSED","level":"error","message":"Redis Client Error:","stack":"AggregateError [ECONNREFUSED]: \n    at internalConnectMultiple (node:net:1134:18)\n    at afterConnectMultiple (node:net:1715:7)","timestamp":"2026-03-23 19:44:47"}
{"code":"ECONNREFUSED","level":"error","message":"Redis Client Error:","stack":"AggregateError [ECONNREFUSED]: \n    at internalConnectMultiple (node:net:1134:18)\n    at afterConnectMultiple (node:net:1715:7)","timestamp":"2026-03-23 19:44:48"}
{"code":"ECONNREFUSED","level":"error","message":"Redis Client Error:","stack":"AggregateError [ECONNREFUSED]: \n    at internalConnectMultiple (node:net:1134:18)\n    at afterConnectMultiple (node:net:1715:7)","timestamp":"2026-03-23 19:44:48"}
{"code":"ECONNREFUSED","level":"error","message":"Redis Client Error:","stack":"AggregateError [ECONNREFUSED]: \n    at internalConnectMultiple (node:net:1134:18)\n    at afterConnectMultiple (node:net:1715:7)","timestamp":"2026-03-23 19:44:49"}
{"code":"ECONNREFUSED","level":"error","message":"Redis Client Error:","stack":"AggregateError [ECONNREFUSED]: \n    at internalConnectMultiple (node:net:1134:18)\n    at afterConnectMultiple (node:net:1715:7)","timestamp":"2026-03-23 19:44:49"}
{"code":"ECONNREFUSED","level":"error","message":"Redis Client Error:","stack":"AggregateError [ECONNREFUSED]: \n    at internalConnectMultiple (node:net:1134:18)\n    at afterConnectMultiple (node:net:1715:7)","timestamp":"2026-03-23 19:44:50"}
{"code":"ECONNREFUSED","level":"error","message":"Redis Client Error:","stack":"AggregateError [ECONNREFUSED]: \n    at internalConnectMultiple (node:net:1134:18)\n    at afterConnectMultiple (node:net:1715:7)","timestamp":"2026-03-23 19:44:50"}
{"code":"ECONNREFUSED","level":"error","message":"Redis Client Error:","stack":"AggregateError [ECONNREFUSED]: \n    at internalConnectMultiple (node:net:1134:18)\n    at afterConnectMultiple (node:net:1715:7)","timestamp":"2026-03-23 19:44:51"}
{"code":"ECONNREFUSED","level":"error","message":"Redis Client Error:","stack":"AggregateError [ECONNREFUSED]: \n    at internalConnectMultiple (node:net:1134:18)\n    at afterConnectMultiple (node:net:1715:7)","timestamp":"2026-03-23 19:44:51"}
{"code":"ECONNREFUSED","level":"error","message":"Redis Client Error:","stack":"AggregateError [ECONNREFUSED]: \n    at internalConnectMultiple (node:net:1134:18)\n    at afterConnectMultiple (node:net:1715:7)","timestamp":"2026-03-23 19:44:52"}
{"code":"ECONNREFUSED","level":"error","message":"Redis Client Error:","stack":"AggregateError [ECONNREFUSED]: \n    at internalConnectMultiple (node:net:1134:18)\n    at afterConnectMultiple (node:net:1715:7)","timestamp":"2026-03-23 19:44:52"}
{"code":"ECONNREFUSED","level":"error","message":"Redis Client Error:","stack":"AggregateError [ECONNREFUSED]: \n    at internalConnectMultiple (node:net:1134:18)\n    at afterConnectMultiple (node:net:1715:7)","timestamp":"2026-03-23 19:44:53"}
{"code":"ECONNREFUSED","level":"error","message":"Redis Client Error:","stack":"AggregateError [ECONNREFUSED]: \n    at internalConnectMultiple (node:net:1134:18)\n    at afterConnectMultiple (node:net:1715:7)","timestamp":"2026-03-23 19:44:53"}
{"code":"ECONNREFUSED","level":"error","message":"Redis Client Error:","stack":"AggregateError [ECONNREFUSED]: \n    at internalConnectMultiple (node:net:1134:18)\n    at afterConnectMultiple (node:net:1715:7)","timestamp":"2026-03-23 19:44:54"}
{"code":"ECONNREFUSED","level":"error","message":"Redis Client Error:","stack":"AggregateError [ECONNREFUSED]: \n    at internalConnectMultiple (node:net:1134:18)\n    at afterConnectMultiple (node:net:1715:7)","timestamp":"2026-03-23 19:44:54"}
{"code":"ECONNREFUSED","level":"error","message":"Redis Client Error:","stack":"AggregateError [ECONNREFUSED]: \n    at internalConnectMultiple (node:net:1134:18)\n    at afterConnectMultiple (node:net:1715:7)","timestamp":"2026-03-23 19:44:55"}
{"code":"ECONNREFUSED","level":"error","message":"Redis Client Error:","stack":"AggregateError [ECONNREFUSED]: \n    at internalConnectMultiple (node:net:1134:18)\n    at afterConnectMultiple (node:net:1715:7)","timestamp":"2026-03-23 19:44:55"}
{"code":"ECONNREFUSED","level":"error","message":"Redis Client Error:","stack":"AggregateError [ECONNREFUSED]: \n    at internalConnectMultiple (node:net:1134:18)\n    at afterConnectMultiple (node:net:1715:7)","timestamp":"2026-03-23 19:44:56"}
{"code":"ECONNREFUSED","level":"error","message":"Redis Client Error:","stack":"AggregateError [ECONNREFUSED]: \n    at internalConnectMultiple (node:net:1134:18)\n    at afterConnectMultiple (node:net:1715:7)","timestamp":"2026-03-23 19:44:56"}
{"code":"ECONNREFUSED","level":"error","message":"Redis Client Error:","stack":"AggregateError [ECONNREFUSED]: \n    at internalConnectMultiple (node:net:1134:18)\n    at afterConnectMultiple (node:net:1715:7)","timestamp":"2026-03-23 19:44:57"}
{"code":"ECONNREFUSED","level":"error","message":"Redis Client Error:","stack":"AggregateError [ECONNREFUSED]: \n    at internalConnectMultiple (node:net:1134:18)\n    at afterConnectMultiple (node:net:1715:7)","timestamp":"2026-03-23 19:44:57"}
{"code":"ECONNREFUSED","level":"error","message":"Redis Client Error:","stack":"AggregateError [ECONNREFUSED]: \n    at internalConnectMultiple (node:net:1134:18)\n    at afterConnectMultiple (node:net:1715:7)","timestamp":"2026-03-23 19:44:58"}
{"code":"ECONNREFUSED","level":"error","message":"Redis Client Error:","stack":"AggregateError [ECONNREFUSED]: \n    at internalConnectMultiple (node:net:1134:18)\n    at afterConnectMultiple (node:net:1715:7)","timestamp":"2026-03-23 19:44:58"}
{"code":"ECONNREFUSED","level":"error","message":"Redis Client Error:","stack":"AggregateError [ECONNREFUSED]: \n    at internalConnectMultiple (node:net:1134:18)\n    at afterConnectMultiple (node:net:1715:7)","timestamp":"2026-03-23 19:44:59"}
{"code":"ECONNREFUSED","level":"error","message":"Redis Client Error:","stack":"AggregateError [ECONNREFUSED]: \n    at internalConnectMultiple (node:net:1134:18)\n    at afterConnectMultiple (node:net:1715:7)","timestamp":"2026-03-23 19:44:59"}
{"code":"ECONNREFUSED","level":"error","message":"Redis Client Error:","stack":"AggregateError [ECONNREFUSED]: \n    at internalConnectMultiple (node:net:1134:18)\n    at afterConnectMultiple (node:net:1715:7)","timestamp":"2026-03-23 19:45:00"}
{"code":"ECONNREFUSED","level":"error","message":"Redis Client Error:","stack":"AggregateError [ECONNREFUSED]: \n    at internalConnectMultiple (node:net:1134:18)\n    at afterConnectMultiple (node:net:1715:7)","timestamp":"2026-03-23 19:45:00"}
{"code":"ECONNREFUSED","level":"error","message":"Redis Client Error:","stack":"AggregateError [ECONNREFUSED]: \n    at internalConnectMultiple (node:net:1134:18)\n    at afterConnectMultiple (node:net:1715:7)","timestamp":"2026-03-23 19:45:01"}
{"code":"ECONNREFUSED","level":"error","message":"Redis Client Error:","stack":"AggregateError [ECONNREFUSED]: \n    at internalConnectMultiple (node:net:1134:18)\n    at afterConnectMultiple (node:net:1715:7)","timestamp":"2026-03-23 19:45:01"}
{"code":"ECONNREFUSED","level":"error","message":"Redis Client Error:","stack":"AggregateError [ECONNREFUSED]: \n    at internalConnectMultiple (node:net:1134:18)\n    at afterConnectMultiple (node:net:1715:7)","timestamp":"2026-03-23 19:45:02"}
{"code":"ECONNREFUSED","level":"error","message":"Redis Client Error:","stack":"AggregateError [ECONNREFUSED]: \n    at internalConnectMultiple (node:net:1134:18)\n    at afterConnectMultiple (node:net:1715:7)","timestamp":"2026-03-23 19:45:02"}
{"code":"ECONNREFUSED","level":"error","message":"Redis Client Error:","stack":"AggregateError [ECONNREFUSED]: \n    at internalConnectMultiple (node:net:1134:18)\n    at afterConnectMultiple (node:net:1715:7)","timestamp":"2026-03-23 19:45:03"}
{"code":"ECONNREFUSED","level":"error","message":"Redis Client Error:","stack":"AggregateError [ECONNREFUSED]: \n    at internalConnectMultiple (node:net:1134:18)\n    at afterConnectMultiple (node:net:1715:7)","timestamp":"2026-03-23 19:45:04"}
{"code":"ECONNREFUSED","level":"error","message":"Redis Client Error:","stack":"AggregateError [ECONNREFUSED]: \n    at internalConnectMultiple (node:net:1134:18)\n    at afterConnectMultiple (node:net:1715:7)","timestamp":"2026-03-23 19:45:04"}
{"code":"ECONNREFUSED","level":"error","message":"Redis Client Error:","stack":"AggregateError [ECONNREFUSED]: \n    at internalConnectMultiple (node:net:1134:18)\n    at afterConnectMultiple (node:net:1715:7)","timestamp":"2026-03-23 19:45:05"}
{"code":"ECONNREFUSED","level":"error","message":"Redis Client Error:","stack":"AggregateError [ECONNREFUSED]: \n    at internalConnectMultiple (node:net:1134:18)\n    at afterConnectMultiple (node:net:1715:7)","timestamp":"2026-03-23 19:45:05"}
{"code":"ECONNREFUSED","level":"error","message":"Redis Client Error:","stack":"AggregateError [ECONNREFUSED]: \n    at internalConnectMultiple (node:net:1134:18)\n    at afterConnectMultiple (node:net:1715:7)","timestamp":"2026-03-23 19:45:06"}
{"code":"ECONNREFUSED","level":"error","message":"Redis Client Error:","stack":"AggregateError [ECONNREFUSED]: \n    at internalConnectMultiple (node:net:1134:18)\n    at afterConnectMultiple (node:net:1715:7)","timestamp":"2026-03-23 19:45:06"}
{"code":"ECONNREFUSED","level":"error","message":"Redis Client Error:","stack":"AggregateError [ECONNREFUSED]: \n    at internalConnectMultiple (node:net:1134:18)\n    at afterConnectMultiple (node:net:1715:7)","timestamp":"2026-03-23 19:45:07"}
{"code":"ECONNREFUSED","level":"error","message":"Redis Client Error:","stack":"AggregateError [ECONNREFUSED]: \n    at internalConnectMultiple (node:net:1134:18)\n    at afterConnectMultiple (node:net:1715:7)","timestamp":"2026-03-23 19:45:07"}
{"code":"ECONNREFUSED","level":"error","message":"Redis Client Error:","stack":"AggregateError [ECONNREFUSED]: \n    at internalConnectMultiple (node:net:1134:18)\n    at afterConnectMultiple (node:net:1715:7)","timestamp":"2026-03-23 19:45:08"}
{"code":"ECONNREFUSED","level":"error","message":"Redis Client Error:","stack":"AggregateError [ECONNREFUSED]: \n    at internalConnectMultiple (node:net:1134:18)\n    at afterConnectMultiple (node:net:1715:7)","timestamp":"2026-03-23 19:45:08"}
{"code":"ECONNREFUSED","level":"error","message":"Redis Client Error:","stack":"AggregateError [ECONNREFUSED]: \n    at internalConnectMultiple (node:net:1134:18)\n    at afterConnectMultiple (node:net:1715:7)","timestamp":"2026-03-23 19:45:09"}
{"code":"ECONNREFUSED","level":"error","message":"Redis Client Error:","stack":"AggregateError [ECONNREFUSED]: \n    at internalConnectMultiple (node:net:1134:18)\n    at afterConnectMultiple (node:net:1715:7)","timestamp":"2026-03-23 19:45:09"}
{"code":"ECONNREFUSED","level":"error","message":"Redis Client Error:","stack":"AggregateError [ECONNREFUSED]: \n    at internalConnectMultiple (node:net:1134:18)\n    at afterConnectMultiple (node:net:1715:7)","timestamp":"2026-03-23 19:45:10"}
{"code":"ECONNREFUSED","level":"error","message":"Redis Client Error:","stack":"AggregateError [ECONNREFUSED]: \n    at internalConnectMultiple (node:net:1134:18)\n    at afterConnectMultiple (node:net:1715:7)","timestamp":"2026-03-23 19:45:10"}
{"code":"ECONNREFUSED","level":"error","message":"Redis Client Error:","stack":"AggregateError [ECONNREFUSED]: \n    at internalConnectMultiple (node:net:1134:18)\n    at afterConnectMultiple (node:net:1715:7)","timestamp":"2026-03-23 19:45:11"}
{"code":"ECONNREFUSED","level":"error","message":"Redis Client Error:","stack":"AggregateError [ECONNREFUSED]: \n    at internalConnectMultiple (node:net:1134:18)\n    at afterConnectMultiple (node:net:1715:7)","timestamp":"2026-03-23 19:45:11"}
{"code":"ECONNREFUSED","level":"error","message":"Redis Client Error:","stack":"AggregateError [ECONNREFUSED]: \n    at internalConnectMultiple (node:net:1134:18)\n    at afterConnectMultiple (node:net:1715:7)","timestamp":"2026-03-23 19:45:12"}
{"code":"ECONNREFUSED","level":"error","message":"Redis Client Error:","stack":"AggregateError [ECONNREFUSED]: \n    at internalConnectMultiple (node:net:1134:18)\n    at afterConnectMultiple (node:net:1715:7)","timestamp":"2026-03-23 19:45:12"}
{"code":"ECONNREFUSED","level":"error","message":"Redis Client Error:","stack":"AggregateError [ECONNREFUSED]: \n    at internalConnectMultiple (node:net:1134:18)\n    at afterConnectMultiple (node:net:1715:7)","timestamp":"2026-03-23 19:45:13"}
{"code":"ECONNREFUSED","level":"error","message":"Redis Client Error:","stack":"AggregateError [ECONNREFUSED]: \n    at internalConnectMultiple (node:net:1134:18)\n    at afterConnectMultiple (node:net:1715:7)","timestamp":"2026-03-23 19:45:13"}
{"code":"ECONNREFUSED","level":"error","message":"Redis Client Error:","stack":"AggregateError [ECONNREFUSED]: \n    at internalConnectMultiple (node:net:1134:18)\n    at afterConnectMultiple (node:net:1715:7)","timestamp":"2026-03-23 19:45:14"}
{"code":"ECONNREFUSED","level":"error","message":"Redis Client Error:","stack":"AggregateError [ECONNREFUSED]: \n    at internalConnectMultiple (node:net:1134:18)\n    at afterConnectMultiple (node:net:1715:7)","timestamp":"2026-03-23 19:45:14"}
{"code":"ECONNREFUSED","level":"error","message":"Redis Client Error:","stack":"AggregateError [ECONNREFUSED]: \n    at internalConnectMultiple (node:net:1134:18)\n    at afterConnectMultiple (node:net:1715:7)","timestamp":"2026-03-23 19:45:15"}
{"code":"ECONNREFUSED","level":"error","message":"Redis Client Error:","stack":"AggregateError [ECONNREFUSED]: \n    at internalConnectMultiple (node:net:1134:18)\n    at afterConnectMultiple (node:net:1715:7)","timestamp":"2026-03-23 19:45:15"}
{"code":"ECONNREFUSED","level":"error","message":"Redis Client Error:","stack":"AggregateError [ECONNREFUSED]: \n    at internalConnectMultiple (node:net:1134:18)\n    at afterConnectMultiple (node:net:1715:7)","timestamp":"2026-03-23 19:45:16"}
{"code":"ECONNREFUSED","level":"error","message":"Redis Client Error:","stack":"AggregateError [ECONNREFUSED]: \n    at internalConnectMultiple (node:net:1134:18)\n    at afterConnectMultiple (node:net:1715:7)","timestamp":"2026-03-23 19:45:16"}
{"code":"ECONNREFUSED","level":"error","message":"Redis Client Error:","stack":"AggregateError [ECONNREFUSED]: \n    at internalConnectMultiple (node:net:1134:18)\n    at afterConnectMultiple (node:net:1715:7)","timestamp":"2026-03-23 19:45:17"}
{"code":"ECONNREFUSED","level":"error","message":"Redis Client Error:","stack":"AggregateError [ECONNREFUSED]: \n    at internalConnectMultiple (node:net:1134:18)\n    at afterConnectMultiple (node:net:1715:7)","timestamp":"2026-03-23 19:45:17"}
{"code":"ECONNREFUSED","level":"error","message":"Redis Client Error:","stack":"AggregateError [ECONNREFUSED]: \n    at internalConnectMultiple (node:net:1134:18)\n    at afterConnectMultiple (node:net:1715:7)","timestamp":"2026-03-23 19:45:18"}
{"code":"ECONNREFUSED","level":"error","message":"Redis Client Error:","stack":"AggregateError [ECONNREFUSED]: \n    at internalConnectMultiple (node:net:1134:18)\n    at afterConnectMultiple (node:net:1715:7)","timestamp":"2026-03-23 19:45:18"}
{"code":"ECONNREFUSED","level":"error","message":"Redis Client Error:","stack":"AggregateError [ECONNREFUSED]: \n    at internalConnectMultiple (node:net:1134:18)\n    at afterConnectMultiple (node:net:1715:7)","timestamp":"2026-03-23 19:45:19"}
{"code":"ECONNREFUSED","level":"error","message":"Redis Client Error:","stack":"AggregateError [ECONNREFUSED]: \n    at internalConnectMultiple (node:net:1134:18)\n    at afterConnectMultiple (node:net:1715:7)","timestamp":"2026-03-23 19:45:19"}
{"code":"ECONNREFUSED","level":"error","message":"Redis Client Error:","stack":"AggregateError [ECONNREFUSED]: \n    at internalConnectMultiple (node:net:1134:18)\n    at afterConnectMultiple (node:net:1715:7)","timestamp":"2026-03-23 19:45:20"}
{"code":"ECONNREFUSED","level":"error","message":"Redis Client Error:","stack":"AggregateError [ECONNREFUSED]: \n    at internalConnectMultiple (node:net:1134:18)\n    at afterConnectMultiple (node:net:1715:7)","timestamp":"2026-03-23 19:45:20"}
{"code":"ECONNREFUSED","level":"error","message":"Redis Client Error:","stack":"AggregateError [ECONNREFUSED]: \n    at internalConnectMultiple (node:net:1134:18)\n    at afterConnectMultiple (node:net:1715:7)","timestamp":"2026-03-23 19:45:21"}
{"code":"ECONNREFUSED","level":"error","message":"Redis Client Error:","stack":"AggregateError [ECONNREFUSED]: \n    at internalConnectMultiple (node:net:1134:18)\n    at afterConnectMultiple (node:net:1715:7)","timestamp":"2026-03-23 19:45:21"}
{"code":"ECONNREFUSED","level":"error","message":"Redis Client Error:","stack":"AggregateError [ECONNREFUSED]: \n    at internalConnectMultiple (node:net:1134:18)\n    at afterConnectMultiple (node:net:1715:7)","timestamp":"2026-03-23 19:45:22"}
{"code":"ECONNREFUSED","level":"error","message":"Redis Client Error:","stack":"AggregateError [ECONNREFUSED]: \n    at internalConnectMultiple (node:net:1134:18)\n    at afterConnectMultiple (node:net:1715:7)","timestamp":"2026-03-23 19:45:22"}
{"code":"ECONNREFUSED","level":"error","message":"Redis Client Error:","stack":"AggregateError [ECONNREFUSED]: \n    at internalConnectMultiple (node:net:1134:18)\n    at afterConnectMultiple (node:net:1715:7)","timestamp":"2026-03-23 19:45:23"}
{"code":"ECONNREFUSED","level":"error","message":"Redis Client Error:","stack":"AggregateError [ECONNREFUSED]: \n    at internalConnectMultiple (node:net:1134:18)\n    at afterConnectMultiple (node:net:1715:7)","timestamp":"2026-03-23 19:45:23"}
{"code":"ECONNREFUSED","level":"error","message":"Redis Client Error:","stack":"AggregateError [ECONNREFUSED]: \n    at internalConnectMultiple (node:net:1134:18)\n    at afterConnectMultiple (node:net:1715:7)","timestamp":"2026-03-23 19:45:24"}
{"code":"ECONNREFUSED","level":"error","message":"Redis Client Error:","stack":"AggregateError [ECONNREFUSED]: \n    at internalConnectMultiple (node:net:1134:18)\n    at afterConnectMultiple (node:net:1715:7)","timestamp":"2026-03-23 19:45:25"}
{"code":"ECONNREFUSED","level":"error","message":"Redis Client Error:","stack":"AggregateError [ECONNREFUSED]: \n    at internalConnectMultiple (node:net:1134:18)\n    at afterConnectMultiple (node:net:1715:7)","timestamp":"2026-03-23 19:45:25"}
{"code":"ECONNREFUSED","level":"error","message":"Redis Client Error:","stack":"AggregateError [ECONNREFUSED]: \n    at internalConnectMultiple (node:net:1134:18)\n    at afterConnectMultiple (node:net:1715:7)","timestamp":"2026-03-23 19:45:26"}
{"code":"ECONNREFUSED","level":"error","message":"Redis Client Error:","stack":"AggregateError [ECONNREFUSED]: \n    at internalConnectMultiple (node:net:1134:18)\n    at afterConnectMultiple (node:net:1715:7)","timestamp":"2026-03-23 19:45:26"}
{"code":"ECONNREFUSED","level":"error","message":"Redis Client Error:","stack":"AggregateError [ECONNREFUSED]: \n    at internalConnectMultiple (node:net:1134:18)\n    at afterConnectMultiple (node:net:1715:7)","timestamp":"2026-03-23 19:45:27"}
{"code":"ECONNREFUSED","level":"error","message":"Redis Client Error:","stack":"AggregateError [ECONNREFUSED]: \n    at internalConnectMultiple (node:net:1134:18)\n    at afterConnectMultiple (node:net:1715:7)","timestamp":"2026-03-23 19:45:27"}
{"code":"ECONNREFUSED","level":"error","message":"Redis Client Error:","stack":"AggregateError [ECONNREFUSED]: \n    at internalConnectMultiple (node:net:1134:18)\n    at afterConnectMultiple (node:net:1715:7)","timestamp":"2026-03-23 19:45:28"}
{"code":"ECONNREFUSED","level":"error","message":"Redis Client Error:","stack":"AggregateError [ECONNREFUSED]: \n    at internalConnectMultiple (node:net:1134:18)\n    at afterConnectMultiple (node:net:1715:7)","timestamp":"2026-03-23 19:45:28"}
{"code":"ECONNREFUSED","level":"error","message":"Redis Client Error:","stack":"AggregateError [ECONNREFUSED]: \n    at internalConnectMultiple (node:net:1134:18)\n    at afterConnectMultiple (node:net:1715:7)","timestamp":"2026-03-23 19:45:29"}
{"code":"ECONNREFUSED","level":"error","message":"Redis Client Error:","stack":"AggregateError [ECONNREFUSED]: \n    at internalConnectMultiple (node:net:1134:18)\n    at afterConnectMultiple (node:net:1715:7)","timestamp":"2026-03-23 19:45:29"}
{"code":"ECONNREFUSED","level":"error","message":"Redis Client Error:","stack":"AggregateError [ECONNREFUSED]: \n    at internalConnectMultiple (node:net:1134:18)\n    at afterConnectMultiple (node:net:1715:7)","timestamp":"2026-03-23 19:45:30"}
{"code":"ECONNREFUSED","level":"error","message":"Redis Client Error:","stack":"AggregateError [ECONNREFUSED]: \n    at internalConnectMultiple (node:net:1134:18)\n    at afterConnectMultiple (node:net:1715:7)","timestamp":"2026-03-23 19:45:30"}
{"code":"ECONNREFUSED","level":"error","message":"Redis Client Error:","stack":"AggregateError [ECONNREFUSED]: \n    at internalConnectMultiple (node:net:1134:18)\n    at afterConnectMultiple (node:net:1715:7)","timestamp":"2026-03-23 19:45:31"}
{"code":"ECONNREFUSED","level":"error","message":"Redis Client Error:","stack":"AggregateError [ECONNREFUSED]: \n    at internalConnectMultiple (node:net:1134:18)\n    at afterConnectMultiple (node:net:1715:7)","timestamp":"2026-03-23 19:45:31"}
{"code":"ECONNREFUSED","level":"error","message":"Redis Client Error:","stack":"AggregateError [ECONNREFUSED]: \n    at internalConnectMultiple (node:net:1134:18)\n    at afterConnectMultiple (node:net:1715:7)","timestamp":"2026-03-23 19:45:32"}
{"code":"ECONNREFUSED","level":"error","message":"Redis Client Error:","stack":"AggregateError [ECONNREFUSED]: \n    at internalConnectMultiple (node:net:1134:18)\n    at afterConnectMultiple (node:net:1715:7)","timestamp":"2026-03-23 19:45:32"}
{"code":"ECONNREFUSED","level":"error","message":"Redis Client Error:","stack":"AggregateError [ECONNREFUSED]: \n    at internalConnectMultiple (node:net:1134:18)\n    at afterConnectMultiple (node:net:1715:7)","timestamp":"2026-03-23 19:45:33"}
{"code":"ECONNREFUSED","level":"error","message":"Redis Client Error:","stack":"AggregateError [ECONNREFUSED]: \n    at internalConnectMultiple (node:net:1134:18)\n    at afterConnectMultiple (node:net:1715:7)","timestamp":"2026-03-23 19:45:33"}
{"code":"ECONNREFUSED","level":"error","message":"Redis Client Error:","stack":"AggregateError [ECONNREFUSED]: \n    at internalConnectMultiple (node:net:1134:18)\n    at afterConnectMultiple (node:net:1715:7)","timestamp":"2026-03-23 19:45:34"}
{"code":"ECONNREFUSED","level":"error","message":"Redis Client Error:","stack":"AggregateError [ECONNREFUSED]: \n    at internalConnectMultiple (node:net:1134:18)\n    at afterConnectMultiple (node:net:1715:7)","timestamp":"2026-03-23 19:45:34"}
{"code":"ECONNREFUSED","level":"error","message":"Redis Client Error:","stack":"AggregateError [ECONNREFUSED]: \n    at internalConnectMultiple (node:net:1134:18)\n    at afterConnectMultiple (node:net:1715:7)","timestamp":"2026-03-23 19:45:35"}
{"code":"ECONNREFUSED","level":"error","message":"Redis Client Error:","stack":"AggregateError [ECONNREFUSED]: \n    at internalConnectMultiple (node:net:1134:18)\n    at afterConnectMultiple (node:net:1715:7)","timestamp":"2026-03-23 19:45:35"}
{"code":"ECONNREFUSED","level":"error","message":"Redis Client Error:","stack":"AggregateError [ECONNREFUSED]: \n    at internalConnectMultiple (node:net:1134:18)\n    at afterConnectMultiple (node:net:1715:7)","timestamp":"2026-03-23 19:45:36"}
{"level":"info","message":"✅ MongoDB Connected: localhost","timestamp":"2026-03-23 19:47:52"}
{"level":"info","message":"✅ Redis connected","timestamp":"2026-03-23 19:47:52"}
{"level":"info","message":"🚀 Server running on port 5000","timestamp":"2026-03-23 19:47:52"}
{"level":"info","message":"📝 Environment: development","timestamp":"2026-03-23 19:47:52"}
{"level":"info","message":"🎬 API: http://localhost:5000/api","timestamp":"2026-03-23 19:47:52"}
{"level":"info","message":"✅ MongoDB Connected: localhost","timestamp":"2026-03-23 19:59:10"}
{"level":"info","message":"✅ Redis connected","timestamp":"2026-03-23 19:59:10"}
{"level":"info","message":"🚀 Server running on port 5000","timestamp":"2026-03-23 19:59:10"}
{"level":"info","message":"📝 Environment: development","timestamp":"2026-03-23 19:59:10"}
{"level":"info","message":"🎬 API: http://localhost:5000/api","timestamp":"2026-03-23 19:59:10"}
{"level":"warn","message":"MongoDB disconnected","timestamp":"2026-03-24 09:45:08"}
{"level":"info","message":"✅ MongoDB Connected: localhost","timestamp":"2026-03-24 11:43:45"}
{"level":"info","message":"✅ Redis connected","timestamp":"2026-03-24 11:43:45"}
{"level":"info","message":"✅ MongoDB Connected: localhost","timestamp":"2026-03-24 12:03:26"}
{"level":"info","message":"✅ Redis connected","timestamp":"2026-03-24 12:03:26"}
{"level":"info","message":"🚀 Server running on port 5000","timestamp":"2026-03-24 12:03:26"}
{"level":"info","message":"📝 Environment: development","timestamp":"2026-03-24 12:03:26"}
{"level":"info","message":"🎬 API: http://localhost:5000/api","timestamp":"2026-03-24 12:03:26"}
{"level":"error","message":"404 - Not Found - /favicon.ico - /favicon.ico - GET - ::1","timestamp":"2026-03-24 12:26:13"}
{"level":"info","message":"✅ MongoDB Connected: localhost","timestamp":"2026-03-24 12:40:58"}
{"level":"info","message":"✅ Redis connected","timestamp":"2026-03-24 12:40:58"}
{"level":"info","message":"🚀 Server running on port 5000","timestamp":"2026-03-24 12:40:58"}
{"level":"info","message":"📝 Environment: development","timestamp":"2026-03-24 12:40:58"}
{"level":"info","message":"🎬 API: http://localhost:5000/api","timestamp":"2026-03-24 12:40:58"}
{"level":"info","message":"✅ MongoDB Connected: localhost","timestamp":"2026-03-24 19:04:18"}
{"level":"info","message":"✅ Redis connected","timestamp":"2026-03-24 19:04:18"}
{"level":"info","message":"🚀 Server running on port 5000","timestamp":"2026-03-24 19:04:18"}
{"level":"info","message":"📝 Environment: development","timestamp":"2026-03-24 19:04:18"}
{"level":"info","message":"🎬 API: http://localhost:5000/api","timestamp":"2026-03-24 19:04:18"}
{"level":"error","message":"404 - Not Found - /favicon.ico - /favicon.ico - GET - ::1","timestamp":"2026-03-24 19:04:21"}
{"level":"info","message":"✅ MongoDB Connected: localhost","timestamp":"2026-03-24 19:47:27"}
{"level":"info","message":"✅ Redis connected","timestamp":"2026-03-24 19:47:27"}
{"level":"info","message":"🚀 Server running on port 5000","timestamp":"2026-03-24 19:47:27"}
{"level":"info","message":"📝 Environment: development","timestamp":"2026-03-24 19:47:27"}
{"level":"info","message":"🎬 API: http://localhost:5000/api","timestamp":"2026-03-24 19:47:27"}
{"level":"info","message":"✅ MongoDB Connected: localhost","timestamp":"2026-03-24 20:03:31"}
{"level":"info","message":"✅ Redis connected","timestamp":"2026-03-24 20:03:31"}
{"level":"info","message":"🚀 Server running on port 5000","timestamp":"2026-03-24 20:03:31"}
{"level":"info","message":"📝 Environment: development","timestamp":"2026-03-24 20:03:31"}
{"level":"info","message":"🎬 API: http://localhost:5000/api","timestamp":"2026-03-24 20:03:31"}
{"level":"info","message":"✅ MongoDB Connected: localhost","timestamp":"2026-03-24 20:08:50"}
{"level":"info","message":"✅ Redis connected","timestamp":"2026-03-24 20:08:50"}
{"level":"info","message":"🚀 Server running on port 5000","timestamp":"2026-03-24 20:08:50"}
{"level":"info","message":"📝 Environment: development","timestamp":"2026-03-24 20:08:50"}
{"level":"info","message":"🎬 API: http://localhost:5000/api","timestamp":"2026-03-24 20:08:50"}
{"level":"info","message":"✅ MongoDB Connected: localhost","timestamp":"2026-03-24 20:12:43"}
{"level":"info","message":"✅ Redis connected","timestamp":"2026-03-24 20:12:43"}
{"level":"info","message":"🚀 Server running on port 5000","timestamp":"2026-03-24 20:12:43"}
{"level":"info","message":"📝 Environment: development","timestamp":"2026-03-24 20:12:43"}
{"level":"info","message":"🎬 API: http://localhost:5000/api","timestamp":"2026-03-24 20:12:43"}
{"level":"warn","message":"MongoDB disconnected","timestamp":"2026-03-25 15:01:03"}
{"level":"warn","message":"MongoDB disconnected","timestamp":"2026-03-26 09:49:15"}
{"level":"info","message":"✅ MongoDB Connected: localhost","timestamp":"2026-03-26 15:22:32"}
{"level":"info","message":"✅ Redis connected","timestamp":"2026-03-26 15:22:32"}
{"level":"info","message":"🚀 Server running on port 5000","timestamp":"2026-03-26 15:22:32"}
{"level":"info","message":"📝 Environment: development","timestamp":"2026-03-26 15:22:32"}
{"level":"info","message":"🎬 API: http://localhost:5000/api","timestamp":"2026-03-26 15:22:32"}
{"level":"error","message":"404 - Not Found - /api/titles/69c26ac99d999d76ac8eeb0e/episodes - /api/titles/69c26ac99d999d76ac8eeb0e/episodes - POST - ::1","timestamp":"2026-03-26 15:24:51"}
{"level":"error","message":"404 - Not Found - /api/titles/69c26ac99d999d76ac8eeb0e/episodes - /api/titles/69c26ac99d999d76ac8eeb0e/episodes - POST - ::1","timestamp":"2026-03-26 15:25:00"}
{"level":"error","message":"404 - Not Found - /api/titles/69c26ac99d999d76ac8eeb0e/episodes - /api/titles/69c26ac99d999d76ac8eeb0e/episodes - POST - ::1","timestamp":"2026-03-26 15:25:09"}
{"level":"info","message":"✅ MongoDB Connected: localhost","timestamp":"2026-03-26 15:30:30"}
{"level":"info","message":"✅ Redis connected","timestamp":"2026-03-26 15:30:30"}
{"level":"info","message":"🚀 Server running on port 5000","timestamp":"2026-03-26 15:30:30"}
{"level":"info","message":"📝 Environment: development","timestamp":"2026-03-26 15:30:30"}
{"level":"info","message":"🎬 API: http://localhost:5000/api","timestamp":"2026-03-26 15:30:30"}
{"level":"error","message":"404 - Not Found - /api - /api - GET - ::1","timestamp":"2026-03-26 15:32:17"}
{"kind":"ObjectId","level":"error","message":"Get title by ID error: Cast to ObjectId failed for value \"admin\" (type string) at path \"_id\" for model \"Title\"","path":"_id","reason":{},"stack":"CastError: Cast to ObjectId failed for value \"admin\" (type string) at path \"_id\" for model \"Title\"\n    at SchemaObjectId.cast (C:\\Users\\user\\Desktop\\kdramas , animes\\server\\node_modules\\mongoose\\lib\\schema\\objectId.js:253:11)\n    at SchemaType.applySetters (C:\\Users\\user\\Desktop\\kdramas , animes\\server\\node_modules\\mongoose\\lib\\schemaType.js:1288:12)\n    at SchemaType.castForQuery (C:\\Users\\user\\Desktop\\kdramas , animes\\server\\node_modules\\mongoose\\lib\\schemaType.js:1724:17)\n    at cast (C:\\Users\\user\\Desktop\\kdramas , animes\\server\\node_modules\\mongoose\\lib\\cast.js:390:32)\n    at Query.cast (C:\\Users\\user\\Desktop\\kdramas , animes\\server\\node_modules\\mongoose\\lib\\query.js:5060:12)\n    at Query._castConditions (C:\\Users\\user\\Desktop\\kdramas , animes\\server\\node_modules\\mongoose\\lib\\query.js:2374:10)\n    at model.Query._findOne (C:\\Users\\user\\Desktop\\kdramas , animes\\server\\node_modules\\mongoose\\lib\\query.js:2697:8)\n    at model.Query.exec (C:\\Users\\user\\Desktop\\kdramas , animes\\server\\node_modules\\mongoose\\lib\\query.js:4627:80)\n    at process.processTicksAndRejections (node:internal/process/task_queues:103:5)\n    at async getTitleById (file:///C:/Users/user/Desktop/kdramas%20,%20animes/server/src/controllers/titles.controller.js:47:19)","stringValue":"\"admin\"","timestamp":"2026-03-26 15:49:45","value":"admin","valueType":"string"}
{"level":"error","message":"500 - Cast to ObjectId failed for value \"admin\" (type string) at path \"_id\" for model \"Title\" - /api/titles/admin - GET - ::1","timestamp":"2026-03-26 15:49:45"}
{"kind":"ObjectId","level":"error","message":"Get title by ID error: Cast to ObjectId failed for value \"admin\" (type string) at path \"_id\" for model \"Title\"","path":"_id","reason":{},"stack":"CastError: Cast to ObjectId failed for value \"admin\" (type string) at path \"_id\" for model \"Title\"\n    at SchemaObjectId.cast (C:\\Users\\user\\Desktop\\kdramas , animes\\server\\node_modules\\mongoose\\lib\\schema\\objectId.js:253:11)\n    at SchemaType.applySetters (C:\\Users\\user\\Desktop\\kdramas , animes\\server\\node_modules\\mongoose\\lib\\schemaType.js:1288:12)\n    at SchemaType.castForQuery (C:\\Users\\user\\Desktop\\kdramas , animes\\server\\node_modules\\mongoose\\lib\\schemaType.js:1724:17)\n    at cast (C:\\Users\\user\\Desktop\\kdramas , animes\\server\\node_modules\\mongoose\\lib\\cast.js:390:32)\n    at Query.cast (C:\\Users\\user\\Desktop\\kdramas , animes\\server\\node_modules\\mongoose\\lib\\query.js:5060:12)\n    at Query._castConditions (C:\\Users\\user\\Desktop\\kdramas , animes\\server\\node_modules\\mongoose\\lib\\query.js:2374:10)\n    at model.Query._findOne (C:\\Users\\user\\Desktop\\kdramas , animes\\server\\node_modules\\mongoose\\lib\\query.js:2697:8)\n    at model.Query.exec (C:\\Users\\user\\Desktop\\kdramas , animes\\server\\node_modules\\mongoose\\lib\\query.js:4627:80)\n    at process.processTicksAndRejections (node:internal/process/task_queues:103:5)\n    at async getTitleById (file:///C:/Users/user/Desktop/kdramas%20,%20animes/server/src/controllers/titles.controller.js:47:19)","stringValue":"\"admin\"","timestamp":"2026-03-26 15:49:46","value":"admin","valueType":"string"}
{"level":"error","message":"500 - Cast to ObjectId failed for value \"admin\" (type string) at path \"_id\" for model \"Title\" - /api/titles/admin - GET - ::1","timestamp":"2026-03-26 15:49:46"}
{"level":"info","message":"✅ MongoDB Connected: localhost","timestamp":"2026-03-26 15:59:50"}
{"level":"info","message":"✅ Redis connected","timestamp":"2026-03-26 15:59:50"}
{"level":"info","message":"🚀 Server running on port 5000","timestamp":"2026-03-26 15:59:50"}
{"level":"info","message":"📝 Environment: development","timestamp":"2026-03-26 15:59:50"}
{"level":"info","message":"🎬 API: http://localhost:5000/api","timestamp":"2026-03-26 15:59:50"}
{"level":"error","message":"404 - Not Found - /.well-known/appspecific/com.chrome.devtools.json - /.well-known/appspecific/com.chrome.devtools.json - GET - ::1","timestamp":"2026-03-26 16:03:00"}
{"level":"info","message":"✅ MongoDB Connected: localhost","timestamp":"2026-03-26 16:05:04"}
{"level":"info","message":"✅ Redis connected","timestamp":"2026-03-26 16:05:04"}
{"level":"info","message":"🚀 Server running on port 5000","timestamp":"2026-03-26 16:05:04"}
{"level":"info","message":"📝 Environment: development","timestamp":"2026-03-26 16:05:04"}
{"level":"info","message":"🎬 API: http://localhost:5000/api","timestamp":"2026-03-26 16:05:04"}
{"level":"info","message":"✅ MongoDB Connected: localhost","timestamp":"2026-03-26 16:08:06"}
{"level":"info","message":"✅ Redis connected","timestamp":"2026-03-26 16:08:06"}
{"level":"info","message":"🚀 Server running on port 5000","timestamp":"2026-03-26 16:08:06"}
{"level":"info","message":"📝 Environment: development","timestamp":"2026-03-26 16:08:06"}
{"level":"info","message":"🎬 API: http://localhost:5000/api","timestamp":"2026-03-26 16:08:06"}
{"level":"warn","message":"MongoDB disconnected","timestamp":"2026-03-27 11:19:34"}
{"level":"warn","message":"MongoDB disconnected","timestamp":"2026-03-29 00:13:14"}
{"level":"info","message":"✅ MongoDB Connected: localhost","timestamp":"2026-03-29 00:37:32"}
{"level":"info","message":"✅ Redis connected","timestamp":"2026-03-29 00:37:32"}
{"level":"info","message":"🚀 Server running on port 5000","timestamp":"2026-03-29 00:37:32"}
{"level":"info","message":"📝 Environment: development","timestamp":"2026-03-29 00:37:32"}
{"level":"info","message":"🎬 API: http://localhost:5000/api","timestamp":"2026-03-29 00:37:32"}
{"level":"info","message":"✅ MongoDB Connected: localhost","timestamp":"2026-03-29 00:53:02"}
{"level":"info","message":"✅ Redis connected","timestamp":"2026-03-29 00:53:02"}
{"level":"info","message":"🚀 Server running on port 5000","timestamp":"2026-03-29 00:53:02"}
{"level":"info","message":"📝 Environment: development","timestamp":"2026-03-29 00:53:02"}
{"level":"info","message":"🎬 API: http://localhost:5000/api","timestamp":"2026-03-29 00:53:02"}
{"level":"info","message":"✅ MongoDB Connected: localhost","timestamp":"2026-03-29 00:54:47"}
{"level":"info","message":"✅ Redis connected","timestamp":"2026-03-29 00:54:47"}
{"level":"info","message":"🚀 Server running on port 5000","timestamp":"2026-03-29 00:54:47"}
{"level":"info","message":"📝 Environment: development","timestamp":"2026-03-29 00:54:47"}
{"level":"info","message":"🎬 API: http://localhost:5000/api","timestamp":"2026-03-29 00:54:47"}
{"level":"info","message":"✅ MongoDB Connected: localhost","timestamp":"2026-03-29 00:57:36"}
{"level":"info","message":"✅ Redis connected","timestamp":"2026-03-29 00:57:36"}
{"level":"info","message":"🚀 Server running on port 5000","timestamp":"2026-03-29 00:57:36"}
{"level":"info","message":"📝 Environment: development","timestamp":"2026-03-29 00:57:36"}
{"level":"info","message":"🎬 API: http://localhost:5000/api","timestamp":"2026-03-29 00:57:36"}
{"level":"info","message":"✅ MongoDB Connected: localhost","timestamp":"2026-03-29 01:08:31"}
{"level":"info","message":"✅ Redis connected","timestamp":"2026-03-29 01:08:31"}
{"level":"info","message":"🚀 Server running on port 5000","timestamp":"2026-03-29 01:08:31"}
{"level":"info","message":"📝 Environment: development","timestamp":"2026-03-29 01:08:31"}
{"level":"info","message":"🎬 API: http://localhost:5000/api","timestamp":"2026-03-29 01:08:31"}
{"level":"info","message":"✅ MongoDB Connected: localhost","timestamp":"2026-03-29 01:11:27"}
{"level":"info","message":"✅ Redis connected","timestamp":"2026-03-29 01:11:27"}
{"level":"info","message":"🚀 Server running on port 5000","timestamp":"2026-03-29 01:11:27"}
{"level":"info","message":"📝 Environment: development","timestamp":"2026-03-29 01:11:27"}
{"level":"info","message":"🎬 API: http://localhost:5000/api","timestamp":"2026-03-29 01:11:27"}
{"level":"info","message":"✅ MongoDB Connected: localhost","timestamp":"2026-03-31 15:28:08"}
{"level":"info","message":"✅ Redis connected","timestamp":"2026-03-31 15:28:08"}
{"level":"info","message":"🚀 Server running on port 5000","timestamp":"2026-03-31 15:28:08"}
{"level":"info","message":"📝 Environment: development","timestamp":"2026-03-31 15:28:08"}
{"level":"info","message":"🎬 API: http://localhost:5000/api","timestamp":"2026-03-31 15:28:08"}
{"level":"info","message":"✅ MongoDB Connected: localhost","timestamp":"2026-04-01 19:09:50"}
{"level":"info","message":"✅ Redis connected","timestamp":"2026-04-01 19:09:50"}
{"level":"info","message":"🚀 Server running on port 5000","timestamp":"2026-04-01 19:09:50"}
{"level":"info","message":"📝 Environment: development","timestamp":"2026-04-01 19:09:50"}
{"level":"info","message":"🎬 API: http://localhost:5000/api","timestamp":"2026-04-01 19:09:50"}
{"level":"warn","message":"MongoDB disconnected","timestamp":"2026-04-01 23:53:53"}
{"level":"info","message":"✅ MongoDB Connected: localhost","timestamp":"2026-04-15 00:22:13"}
{"level":"info","message":"✅ Redis connected","timestamp":"2026-04-15 00:22:13"}
{"level":"info","message":"✅ MongoDB Connected: localhost","timestamp":"2026-04-15 00:23:08"}
{"level":"info","message":"✅ Redis connected","timestamp":"2026-04-15 00:23:08"}
{"level":"info","message":"🚀 Server running on port 5000","timestamp":"2026-04-15 00:23:08"}
{"level":"info","message":"📝 Environment: development","timestamp":"2026-04-15 00:23:08"}
{"level":"info","message":"🎬 API: http://localhost:5000/api","timestamp":"2026-04-15 00:23:08"}
{"level":"info","message":"✅ MongoDB Connected: localhost","timestamp":"2026-04-17 17:42:30"}
{"level":"info","message":"✅ Redis connected","timestamp":"2026-04-17 17:42:30"}
{"level":"info","message":"🚀 Server running on port 5000","timestamp":"2026-04-17 17:42:30"}
{"level":"info","message":"📝 Environment: development","timestamp":"2026-04-17 17:42:30"}
{"level":"info","message":"🎬 API: http://localhost:5000/api","timestamp":"2026-04-17 17:42:30"}
{"level":"info","message":"✅ MongoDB Connected: localhost","timestamp":"2026-04-17 17:55:34"}
{"level":"info","message":"✅ Redis connected","timestamp":"2026-04-17 17:55:34"}
{"level":"info","message":"🚀 Server running on port 5000","timestamp":"2026-04-17 17:55:34"}
{"level":"info","message":"📝 Environment: development","timestamp":"2026-04-17 17:55:34"}
{"level":"info","message":"🎬 API: http://localhost:5000/api","timestamp":"2026-04-17 17:55:34"}
{"level":"info","message":"✅ MongoDB Connected: localhost","timestamp":"2026-04-17 17:57:09"}
{"level":"info","message":"✅ Redis connected","timestamp":"2026-04-17 17:57:09"}
{"level":"info","message":"🚀 Server running on port 5000","timestamp":"2026-04-17 17:57:09"}
{"level":"info","message":"📝 Environment: development","timestamp":"2026-04-17 17:57:09"}
{"level":"info","message":"🎬 API: http://localhost:5000/api","timestamp":"2026-04-17 17:57:09"}
{"level":"info","message":"✅ MongoDB Connected: localhost","timestamp":"2026-04-17 19:02:55"}
{"level":"info","message":"✅ Redis connected","timestamp":"2026-04-17 19:02:55"}
{"level":"info","message":"🚀 Server running on port 5000","timestamp":"2026-04-17 19:02:55"}
{"level":"info","message":"📝 Environment: development","timestamp":"2026-04-17 19:02:55"}
{"level":"info","message":"🎬 API: http://localhost:5000/api","timestamp":"2026-04-17 19:02:55"}
{"level":"warn","message":"MongoDB disconnected","timestamp":"2026-04-18 14:20:40"}
